{"timestamp": "2026-04-09T20:02:40.389855+00:00", "event": "intake_received", "correlation_id": "CORR-C9ABE5D815", "payload": {"request_id": "REQ-44C910722D", "customer_id": "C001", "filename": "REQ-44C910722D-marriage_certificate_demo.txt"}}
{"timestamp": "2026-04-09T20:02:40.392063+00:00", "event": "validation_agent_completed", "correlation_id": "CORR-C9ABE5D815", "payload": {"request_id": "REQ-44C910722D"}}
{"timestamp": "2026-04-09T20:02:40.393315+00:00", "event": "document_processor_completed", "correlation_id": "CORR-C9ABE5D815", "payload": {"old_name_extracted": "Priya Sharma", "new_name_extracted": "Priya Mehta"}}
{"timestamp": "2026-04-09T20:02:40.394223+00:00", "event": "confidence_scorer_completed", "correlation_id": "CORR-C9ABE5D815", "payload": {"confidence_old_name": 97.0, "confidence_new_name": 97.0, "confidence_authenticity": 55.0, "recommended_action": "REVIEW"}}
{"timestamp": "2026-04-09T20:02:40.395084+00:00", "event": "summary_agent_completed", "correlation_id": "CORR-C9ABE5D815", "payload": {"request_id": "REQ-44C910722D"}}
{"timestamp": "2026-04-09T20:02:40.396503+00:00", "event": "filenet_archive_completed", "correlation_id": "CORR-C9ABE5D815", "payload": {"filenet_reference_id": "FN-9A8833BA7B"}}
{"timestamp": "2026-04-09T20:02:40.414859+00:00", "event": "pending_record_created", "correlation_id": "CORR-C9ABE5D815", "payload": {"request_id": "REQ-44C910722D", "status": "AI_VERIFIED_PENDING_HUMAN"}}
{"timestamp": "2026-04-09T20:02:44.317678+00:00", "event": "rps_write_executed", "correlation_id": "CORR-C9ABE5D815", "payload": {"customer_id": "C001", "new_name": "Priya Mehta", "rps_write_reference": "RPS-BC56DFD5BA"}}
{"timestamp": "2026-04-09T20:02:44.330239+00:00", "event": "checker_decision_recorded", "correlation_id": "CORR-C9ABE5D815", "payload": {"request_id": "REQ-44C910722D", "decision": "APPROVE", "status": "APPROVED", "comment": ""}}
{"timestamp": "2026-04-09T20:02:57.374282+00:00", "event": "intake_received", "correlation_id": "CORR-21B292EBE9", "payload": {"request_id": "REQ-EBD7120A19", "customer_id": "CUST-1001", "filename": "REQ-EBD7120A19-marriage_certificate_demo.txt"}}
{"timestamp": "2026-04-09T20:02:57.375316+00:00", "event": "validation_agent_completed", "correlation_id": "CORR-21B292EBE9", "payload": {"request_id": "REQ-EBD7120A19"}}
{"timestamp": "2026-04-09T20:02:57.375845+00:00", "event": "document_processor_completed", "correlation_id": "CORR-21B292EBE9", "payload": {"old_name_extracted": "Priya Sharma", "new_name_extracted": "Priya Verma"}}
{"timestamp": "2026-04-09T20:02:57.376267+00:00", "event": "confidence_scorer_completed", "correlation_id": "CORR-21B292EBE9", "payload": {"confidence_old_name": 97.0, "confidence_new_name": 97.0, "confidence_authenticity": 55.0, "recommended_action": "REVIEW"}}
{"timestamp": "2026-04-09T20:02:57.376676+00:00", "event": "summary_agent_completed", "correlation_id": "CORR-21B292EBE9", "payload": {"request_id": "REQ-EBD7120A19"}}
{"timestamp": "2026-04-09T20:02:57.377381+00:00", "event": "filenet_archive_completed", "correlation_id": "CORR-21B292EBE9", "payload": {"filenet_reference_id": "FN-89C47FCB87"}}
{"timestamp": "2026-04-09T20:02:57.387661+00:00", "event": "pending_record_created", "correlation_id": "CORR-21B292EBE9", "payload": {"request_id": "REQ-EBD7120A19", "status": "AI_VERIFIED_PENDING_HUMAN"}}
{"timestamp": "2026-04-09T20:04:17.975615+00:00", "event": "intake_received", "correlation_id": "CORR-15B5356068", "payload": {"request_id": "REQ-F5C777EFBE", "customer_id": "C001", "filename": "REQ-F5C777EFBE-marriage_certificate_demo.txt"}}
{"timestamp": "2026-04-09T20:04:17.976961+00:00", "event": "validation_agent_completed", "correlation_id": "CORR-15B5356068", "payload": {"request_id": "REQ-F5C777EFBE"}}
{"timestamp": "2026-04-09T20:04:17.977972+00:00", "event": "document_processor_completed", "correlation_id": "CORR-15B5356068", "payload": {"old_name_extracted": "Priya Sharma", "new_name_extracted": "Priya Mehta"}}
{"timestamp": "2026-04-09T20:04:17.978795+00:00", "event": "confidence_scorer_completed", "correlation_id": "CORR-15B5356068", "payload": {"confidence_old_name": 45.0, "confidence_new_name": 40.0, "confidence_authenticity": 55.0, "recommended_action": "REVIEW"}}
{"timestamp": "2026-04-09T20:04:17.979610+00:00", "event": "summary_agent_completed", "correlation_id": "CORR-15B5356068", "payload": {"request_id": "REQ-F5C777EFBE"}}
{"timestamp": "2026-04-09T20:04:17.980928+00:00", "event": "filenet_archive_completed", "correlation_id": "CORR-15B5356068", "payload": {"filenet_reference_id": "FN-EF11587F4A"}}
{"timestamp": "2026-04-09T20:04:17.988418+00:00", "event": "pending_record_created", "correlation_id": "CORR-15B5356068", "payload": {"request_id": "REQ-F5C777EFBE", "status": "AI_VERIFIED_PENDING_HUMAN"}}
{"timestamp": "2026-04-09T20:06:06.144297+00:00", "event": "rps_write_executed", "correlation_id": "CORR-15B5356068", "payload": {"customer_id": "C001", "new_name": "Priya Sharma", "rps_write_reference": "RPS-35B92B4C14"}}
{"timestamp": "2026-04-09T20:06:06.155817+00:00", "event": "checker_decision_recorded", "correlation_id": "CORR-15B5356068", "payload": {"request_id": "REQ-F5C777EFBE", "decision": "APPROVE", "status": "APPROVED", "comment": ""}}
{"timestamp": "2026-04-09T20:06:42.328434+00:00", "event": "intake_received", "correlation_id": "CORR-479C27189F", "payload": {"request_id": "REQ-784D6E84C6", "customer_id": "C001", "filename": "REQ-784D6E84C6-marriage_certificate_demo.txt"}}
{"timestamp": "2026-04-09T20:06:42.330915+00:00", "event": "validation_agent_completed", "correlation_id": "CORR-479C27189F", "payload": {"request_id": "REQ-784D6E84C6"}}
{"timestamp": "2026-04-09T20:06:42.332180+00:00", "event": "document_processor_completed", "correlation_id": "CORR-479C27189F", "payload": {"old_name_extracted": "Priya Sharma", "new_name_extracted": "Priya Mehta"}}
{"timestamp": "2026-04-09T20:06:42.333104+00:00", "event": "confidence_scorer_completed", "correlation_id": "CORR-479C27189F", "payload": {"confidence_old_name": 97.0, "confidence_new_name": 97.0, "confidence_authenticity": 55.0, "recommended_action": "REVIEW"}}
{"timestamp": "2026-04-09T20:06:42.334007+00:00", "event": "summary_agent_completed", "correlation_id": "CORR-479C27189F", "payload": {"request_id": "REQ-784D6E84C6"}}
{"timestamp": "2026-04-09T20:06:42.335456+00:00", "event": "filenet_archive_completed", "correlation_id": "CORR-479C27189F", "payload": {"filenet_reference_id": "FN-4BBBF34AAC"}}
{"timestamp": "2026-04-09T20:06:42.353649+00:00", "event": "pending_record_created", "correlation_id": "CORR-479C27189F", "payload": {"request_id": "REQ-784D6E84C6", "status": "AI_VERIFIED_PENDING_HUMAN"}}
{"timestamp": "2026-04-09T20:13:55.839477+00:00", "event": "intake_received", "correlation_id": "CORR-0CDD5258D4", "payload": {"request_id": "REQ-00F7EB43AE", "customer_id": "C001", "filename": "REQ-00F7EB43AE-marriage_certificate_demo.txt"}}
{"timestamp": "2026-04-09T20:13:55.840928+00:00", "event": "validation_agent_completed", "correlation_id": "CORR-0CDD5258D4", "payload": {"request_id": "REQ-00F7EB43AE"}}
{"timestamp": "2026-04-09T20:13:55.842136+00:00", "event": "document_processor_completed", "correlation_id": "CORR-0CDD5258D4", "payload": {"old_name_extracted": "Priya Sharma", "new_name_extracted": "Priya Mehta"}}
{"timestamp": "2026-04-09T20:13:55.843049+00:00", "event": "confidence_scorer_completed", "correlation_id": "CORR-0CDD5258D4", "payload": {"confidence_old_name": 97.0, "confidence_new_name": 40.0, "confidence_authenticity": 55.0, "recommended_action": "REVIEW"}}
{"timestamp": "2026-04-09T20:13:55.843915+00:00", "event": "summary_agent_completed", "correlation_id": "CORR-0CDD5258D4", "payload": {"request_id": "REQ-00F7EB43AE"}}
{"timestamp": "2026-04-09T20:13:55.845350+00:00", "event": "filenet_archive_completed", "correlation_id": "CORR-0CDD5258D4", "payload": {"filenet_reference_id": "FN-7031E09063"}}
{"timestamp": "2026-04-09T20:13:55.863791+00:00", "event": "pending_record_created", "correlation_id": "CORR-0CDD5258D4", "payload": {"request_id": "REQ-00F7EB43AE", "status": "AI_VERIFIED_PENDING_HUMAN"}}
{"timestamp": "2026-04-09T20:14:04.156962+00:00", "event": "checker_decision_recorded", "correlation_id": "CORR-0CDD5258D4", "payload": {"request_id": "REQ-00F7EB43AE", "decision": "REJECT", "status": "REJECTED", "comment": ""}}
{"timestamp": "2026-04-09T20:25:52.094958+00:00", "event": "intake_received", "correlation_id": "CORR-4F416EE7CF", "payload": {"request_id": "REQ-F89AA229FA", "customer_id": "C001", "filename": "REQ-F89AA229FA-marriage_certificate_demo.txt"}}
{"timestamp": "2026-04-09T20:25:52.097053+00:00", "event": "validation_agent_completed", "correlation_id": "CORR-4F416EE7CF", "payload": {"request_id": "REQ-F89AA229FA"}}
{"timestamp": "2026-04-09T20:25:52.098261+00:00", "event": "document_processor_completed", "correlation_id": "CORR-4F416EE7CF", "payload": {"old_name_extracted": "Priya Sharma", "new_name_extracted": "Priya Mehta"}}
{"timestamp": "2026-04-09T20:25:52.098718+00:00", "event": "confidence_scorer_completed", "correlation_id": "CORR-4F416EE7CF", "payload": {"confidence_old_name": 97.0, "confidence_new_name": 97.0, "confidence_authenticity": 55.0, "recommended_action": "REVIEW"}}
{"timestamp": "2026-04-09T20:25:52.099577+00:00", "event": "summary_agent_completed", "correlation_id": "CORR-4F416EE7CF", "payload": {"request_id": "REQ-F89AA229FA"}}
{"timestamp": "2026-04-09T20:25:52.100999+00:00", "event": "filenet_archive_completed", "correlation_id": "CORR-4F416EE7CF", "payload": {"filenet_reference_id": "FN-9880E856E7"}}
{"timestamp": "2026-04-09T20:25:52.119035+00:00", "event": "pending_record_created", "correlation_id": "CORR-4F416EE7CF", "payload": {"request_id": "REQ-F89AA229FA", "status": "AI_VERIFIED_PENDING_HUMAN"}}
